1577351230590:j
1577352644453:a
1577354339626:aj
1577355019213:aa
1577355655923:фaa
1577355657240:aa
1577355769291:bj
1577355925166:aa
1577355938258:b
1577355947402:j
1577355957002:aj
1577355958570:j
1577356292478:baid
1577356524064:baln
1577363387331:ab
1577363424177:ab Новая книга, 1, 5\\
1577363448092:ab "овая книга" 1 1
1577363473149:ab "Новая книга" 1 5
1577363495494:ab "Новая книга" 1 1
1577363506077:ab "Новая книга" 1 5
1577363634356:ab 'Новая книга' 1 5
1577364211921:ab
1577368322695:bc
1577368326501:ab
1577454869703:aa
1577455183456:фф
1577455184784:aa
1577455383710:фф
1577455385482:aa
1577642788369:aj
1577643227267:j
1577643231037:aj
1577645542403:g
1577645551688:ag
1577645955475:g
1578035193876:ab
1578035689926:aa
1578035902648:a
1578035909304:g
1578035910600:ag
1578035912720:b
1578035914264:ab
1578041428270:b
1578041431882:ab
1578060179990:b
1579343204341:ag
1579343231162:aa
1579344280633:ab
1579344284079:aa
1579344286165:ab
1579344288157:ag
1579344289965:ab
1579344923254:aa
1579344924676:ag
1579344925900:ab
1579345008725:aa
1579345010161:ag
1579345011698:ab
1579345162631:aa
1579345164927:ag
1579345166557:ab
1579345219292:aa
1579345221881:ag
1579345224665:ab
1579345357989:aa
1579345358929:ag
1579345360057:ab
1579345382059:ac
1579346306748:aa
1579346414284:ag
1579346415692:ac
1579346418420:ab
1579346419492:ac
1579346440244:g
1579346442165:b
1579346442741:a
1579346444189:c
1579346449365:bg
1579348837540:baid
1579348843466:baln
1579348854033:c
1579851639845:Ф
1579851640447:ФИ
1579851645006:ab
1579853386573:a
1579871930465:g
1579872164647:ag
1579872169205:g
1579872171093:ag
1579872423420:g
1579872491843:ag
1579873955353:g
1579873957855:ag
1579986847405:g
1579987019031:ag
1579987191093:g
1579987839546:a
1579988129613:aa
1580110435364:g
1580110437287:ag
1580110448399:aa
1580110450695:ab
1580118248639:aa
1580118250588:ab
1580118269940:aa
1580118303662:g
1580118306397:ag
1580118309237:aa
1580119033205:c
1580119034220:ac
1580119088433:ab
1580119094004:ac
1580119126642:ab
1580119128884:c
1580119130100:ac
1580122728262:ab
1580122735628:ac
1580123507050:ab
1580123509586:ac
1580125154950:ф
1580125155886:a
1580125160766:ab
1580125173846:da
1580125314621:a
1580125316920:ab
1580125320302:da
1580127439313:a
1580127440997:ab
1580127447973:da
1580127519585:a
1580127521094:g
1580127527069:ab
1580127534534:da
1580128043374:a
1580128044816:g
1580128046521:ab
1580128050594:da
1580128062857:b
1580128077070:a
1580128225403:g
1580128230330:da
1580128232850:b
1580128237058:sb
1580128240411:ab
1580128247571:da
1580128250610:b
1580128279759:a
1580128281074:g
1580128282314:ab
1580128343853:b
1580128345604:ab
1580128346899:b
1580128350156:da
1580128351483:b
1580128536142:ab
1580128537293:b
1580128540244:da
1580128543831:b
1580128555869:stacktrace
1580129134323:с
1580129138169:c
1580129139976:b
1580129142249:ab
1580129144728:a
1580129145888:aa
1580129148160:da
1580129149592:b
1580129869081:a
1580129872527:b
1580129875183:da
1580130300743:a
1580130303189:da
1580131025062:ab
1580131026965:da
1580131049771:a
1580131051197:b
1580131078464:da
1580131093179:b
1580131134198:da
1580131228968:b
1580131233521:da
1580131234864:b
1580131682134:a
1580131683547:g
1580131688708:b
1580131722864:a
1580131724222:b
1580131725397:g
1580131731702:dg
1580131765522:a
1580131767639:b
1580131768184:g
1580131770104:dg
1580131772423:b
1580131779080:c
1580131886051:a
1580131886367:b
1580131918573:dg
1580132937146:da
1580196599840:a
1580196600882:b
1580196602973:ab
1580197080570:da
1580198089522:a
1580198091118:b
1580198094003:c
1580198099067:da
1580198102436:b
1580198104131:c
1580198185369:a
1580198186080:b
1580198189984:c
1580198191960:da
1580198194103:b
1580198195304:c
1580198208576:da
1580198209912:b
1580198211281:c
1580198214169:g
1580207777042:a
1580207778873:b
1580207886964:a
1580207888458:b
1580207895354:ab
1580405698049:da
1580405699262:b
1580649874968:c
1580649878624:da
1580747429207:b
1580747433312:da
